<?xml version="1.0" encoding="UTF-8"?>
<testng-results ignored="0" total="3" passed="2" failed="1" skipped="0">
  <reporter-output>
  </reporter-output>
  <suite started-at="2022-09-10T12:33:24Z" name="Default suite" finished-at="2022-09-10T12:33:56Z" duration-ms="31935">
    <groups>
    </groups>
    <test started-at="2022-09-10T12:33:24Z" name="Default test" finished-at="2022-09-10T12:33:56Z" duration-ms="31935">
      <class name="org.TestNgtask.Mobilesearc">
        <test-method is-config="true" signature="cDriver()[pri:0, instance:org.TestNgtask.Mobilesearc@4ebff610]" started-at="2022-09-10T12:33:24Z" name="cDriver" finished-at="2022-09-10T12:33:34Z" duration-ms="10270" status="PASS">
          <reporter-output>
          </reporter-output>
        </test-method> <!-- cDriver -->
        <test-method is-config="true" signature="starttime()[pri:0, instance:org.TestNgtask.Mobilesearc@4ebff610]" started-at="2022-09-10T12:33:34Z" name="starttime" finished-at="2022-09-10T12:33:34Z" duration-ms="1" status="PASS">
          <reporter-output>
          </reporter-output>
        </test-method> <!-- starttime -->
        <test-method signature="login()[pri:1, instance:org.TestNgtask.Mobilesearc@4ebff610]" started-at="2022-09-10T12:33:34Z" name="login" finished-at="2022-09-10T12:33:34Z" duration-ms="292" status="PASS">
          <reporter-output>
          </reporter-output>
        </test-method> <!-- login -->
        <test-method is-config="true" signature="starttime()[pri:0, instance:org.TestNgtask.Mobilesearc@4ebff610]" started-at="2022-09-10T12:33:34Z" name="starttime" finished-at="2022-09-10T12:33:34Z" duration-ms="0" status="PASS">
          <reporter-output>
          </reporter-output>
        </test-method> <!-- starttime -->
        <test-method signature="mobileSearch(java.lang.String)[pri:2, instance:org.TestNgtask.Mobilesearc@4ebff610]" started-at="2022-09-10T12:33:34Z" name="mobileSearch" data-provider="mobile name" finished-at="2022-09-10T12:33:44Z" duration-ms="9577" status="FAIL">
          <params>
            <param index="0">
              <value>
                <![CDATA[apple mobiles]]>
              </value>
            </param>
          </params>
          <exception class="java.lang.AssertionError">
            <message>
              <![CDATA[expected [true] but found [false]]]>
            </message>
            <full-stacktrace>
              <![CDATA[java.lang.AssertionError: expected [true] but found [false]
at org.testng.Assert.fail(Assert.java:96)
at org.testng.Assert.failNotEquals(Assert.java:776)
at org.testng.Assert.assertTrue(Assert.java:44)
at org.testng.Assert.assertTrue(Assert.java:54)
at org.TestNgtask.Mobilesearc.mobileSearch(Mobilesearc.java:109)
at java.base/jdk.internal.reflect.NativeMethodAccessorImpl.invoke0(Native Method)
at java.base/jdk.internal.reflect.NativeMethodAccessorImpl.invoke(NativeMethodAccessorImpl.java:77)
at java.base/jdk.internal.reflect.DelegatingMethodAccessorImpl.invoke(DelegatingMethodAccessorImpl.java:43)
at java.base/java.lang.reflect.Method.invoke(Method.java:568)
at org.testng.internal.MethodInvocationHelper.invokeMethod(MethodInvocationHelper.java:124)
at org.testng.internal.Invoker.invokeMethod(Invoker.java:583)
at org.testng.internal.Invoker.invokeTestMethod(Invoker.java:719)
at org.testng.internal.Invoker.invokeTestMethods(Invoker.java:989)
at org.testng.internal.TestMethodWorker.invokeTestMethods(TestMethodWorker.java:125)
at org.testng.internal.TestMethodWorker.run(TestMethodWorker.java:109)
at org.testng.TestRunner.privateRun(TestRunner.java:648)
at org.testng.TestRunner.run(TestRunner.java:505)
at org.testng.SuiteRunner.runTest(SuiteRunner.java:455)
at org.testng.SuiteRunner.runSequentially(SuiteRunner.java:450)
at org.testng.SuiteRunner.privateRun(SuiteRunner.java:415)
at org.testng.SuiteRunner.run(SuiteRunner.java:364)
at org.testng.SuiteRunnerWorker.runSuite(SuiteRunnerWorker.java:52)
at org.testng.SuiteRunnerWorker.run(SuiteRunnerWorker.java:84)
at org.testng.TestNG.runSuitesSequentially(TestNG.java:1208)
at org.testng.TestNG.runSuitesLocally(TestNG.java:1137)
at org.testng.TestNG.runSuites(TestNG.java:1049)
at org.testng.TestNG.run(TestNG.java:1017)
at org.testng.remote.AbstractRemoteTestNG.run(AbstractRemoteTestNG.java:115)
at org.testng.remote.RemoteTestNG.initAndRun(RemoteTestNG.java:251)
at org.testng.remote.RemoteTestNG.main(RemoteTestNG.java:77)
]]>
            </full-stacktrace>
          </exception> <!-- java.lang.AssertionError -->
          <reporter-output>
          </reporter-output>
        </test-method> <!-- mobileSearch -->
        <test-method is-config="true" signature="starttime()[pri:0, instance:org.TestNgtask.Mobilesearc@4ebff610]" started-at="2022-09-10T12:33:44Z" name="starttime" finished-at="2022-09-10T12:33:44Z" duration-ms="1" status="PASS">
          <reporter-output>
          </reporter-output>
        </test-method> <!-- starttime -->
        <test-method signature="mobileSearch(java.lang.String)[pri:2, instance:org.TestNgtask.Mobilesearc@4ebff610]" started-at="2022-09-10T12:33:44Z" name="mobileSearch" data-provider="mobile name" finished-at="2022-09-10T12:33:55Z" duration-ms="11440" status="PASS">
          <params>
            <param index="0">
              <value>
                <![CDATA[oneplus mobiles]]>
              </value>
            </param>
          </params>
          <reporter-output>
          </reporter-output>
        </test-method> <!-- mobileSearch -->
        <test-method is-config="true" signature="endtime()[pri:0, instance:org.TestNgtask.Mobilesearc@4ebff610]" started-at="2022-09-10T12:33:55Z" name="endtime" finished-at="2022-09-10T12:33:55Z" duration-ms="1" status="PASS">
          <reporter-output>
          </reporter-output>
        </test-method> <!-- endtime -->
        <test-method is-config="true" signature="quit()[pri:0, instance:org.TestNgtask.Mobilesearc@4ebff610]" started-at="2022-09-10T12:33:55Z" name="quit" finished-at="2022-09-10T12:33:56Z" duration-ms="271" status="PASS">
          <reporter-output>
          </reporter-output>
        </test-method> <!-- quit -->
      </class> <!-- org.TestNgtask.Mobilesearc -->
    </test> <!-- Default test -->
  </suite> <!-- Default suite -->
</testng-results>
